<?xml version="1.0" encoding="UTF-8"?>
<!-- Generated by org.testng.reporters.JUnitReportReporter -->
<testsuite skipped="0" hostname="Nandana" name="com.bugzilla.testcases.Test1" tests="1" failures="0" timestamp="08 Aug 2018 13:21:29 GMT" time="5.105" errors="0">
  <testcase name="loginTest" time="5.105" classname="com.bugzilla.testcases.Test1"/>
</testsuite> <!-- com.bugzilla.testcases.Test1 -->
