<?xml version="1.0" encoding="UTF-8"?>
<!-- Generated by org.testng.reporters.JUnitReportReporter -->
<testsuite skipped="0" hostname="Nandana" name="com.bugzilla.testcases.LoginTest" tests="1" failures="0" timestamp="24 Aug 2018 14:50:55 GMT" time="23.934" errors="0">
  <testcase name="loginTest" time="23.934" classname="com.bugzilla.testcases.LoginTest"/>
</testsuite> <!-- com.bugzilla.testcases.LoginTest -->
