<?xml version="1.0" encoding="UTF-8"?>
<!-- Generated by org.testng.reporters.JUnitReportReporter -->
<testsuite skipped="0" hostname="Nandana" name="com.bugzilla.testcases.QuickSearchHelpLinkTest" tests="1" failures="0" timestamp="24 Aug 2018 14:53:42 GMT" time="51.588" errors="0">
  <testcase name="qshLink" time="51.588" classname="com.bugzilla.testcases.QuickSearchHelpLinkTest"/>
</testsuite> <!-- com.bugzilla.testcases.QuickSearchHelpLinkTest -->
