<?xml version="1.0" encoding="UTF-8"?>
<!-- Generated by org.testng.reporters.JUnitReportReporter -->
<testsuite skipped="0" hostname="Nandana" name="com.bugzilla.testcases.DemoTest" tests="1" failures="0" timestamp="24 Aug 2018 14:50:55 GMT" time="0.032" errors="0">
  <testcase name="demotesting" time="0.032" classname="com.bugzilla.testcases.DemoTest"/>
</testsuite> <!-- com.bugzilla.testcases.DemoTest -->
