<?xml version="1.0" encoding="UTF-8"?>
<!-- Generated by org.testng.reporters.JUnitReportReporter -->
<testsuite skipped="0" hostname="Nandana" name="com.bugzilla.testcases.FileUploadTest" tests="1" failures="0" timestamp="10 Aug 2018 20:01:42 GMT" time="46.077" errors="0">
  <testcase name="fileUpLoad" time="46.077" classname="com.bugzilla.testcases.FileUploadTest"/>
</testsuite> <!-- com.bugzilla.testcases.FileUploadTest -->
