<?xml version="1.0" encoding="UTF-8"?>
<!-- Generated by org.testng.reporters.JUnitReportReporter -->
<testsuite skipped="0" hostname="Nandana" name="com.bugzilla.testcases.FileaBugTest" tests="1" failures="0" timestamp="24 Aug 2018 14:50:55 GMT" time="32.548" errors="0">
  <testcase name="FileaBugPage" time="32.548" classname="com.bugzilla.testcases.FileaBugTest"/>
</testsuite> <!-- com.bugzilla.testcases.FileaBugTest -->
