<?xml version="1.0" encoding="UTF-8"?>
<!-- Generated by org.testng.reporters.JUnitReportReporter -->
<testsuite skipped="0" hostname="Nandana" name="com.bugzilla.testcases.LoginTest" tests="2" failures="0" timestamp="08 Aug 2018 15:12:24 GMT" time="27.081" errors="0">
  <testcase name="loginTest" time="14.059" classname="com.bugzilla.testcases.LoginTest"/>
  <testcase name="loginTest" time="13.022" classname="com.bugzilla.testcases.LoginTest"/>
</testsuite> <!-- com.bugzilla.testcases.LoginTest -->
