<?xml version="1.0" encoding="UTF-8"?>
<!-- Generated by org.testng.reporters.JUnitReportReporter -->
<testsuite skipped="0" hostname="Nandana" name="com.bugzilla.testcases.QuickSearchHelpLinkTest" tests="2" failures="0" timestamp="08 Aug 2018 15:46:55 GMT" time="53.856" errors="0">
  <testcase name="qshLink" time="26.402" classname="com.bugzilla.testcases.QuickSearchHelpLinkTest"/>
  <testcase name="qshLink" time="27.454" classname="com.bugzilla.testcases.QuickSearchHelpLinkTest"/>
</testsuite> <!-- com.bugzilla.testcases.QuickSearchHelpLinkTest -->
